Performing C SOURCE FILE Test CC_SUPPORTS-Wsign-promo failed with the following output:
Change Dir: /home/german/labo/16/ANA/chemfiles/build/CMakeFiles/CMakeTmp

Run Build Command:"/usr/bin/make" "cmTC_2f8e6/fast"
/usr/bin/make -f CMakeFiles/cmTC_2f8e6.dir/build.make CMakeFiles/cmTC_2f8e6.dir/build
make[1]: Entering directory '/home/german/labo/16/ANA/chemfiles/build/CMakeFiles/CMakeTmp'
Building C object CMakeFiles/cmTC_2f8e6.dir/src.c.o
/usr/bin/cc    -std=c99 -DCC_SUPPORTS-Wsign-promo   -Wsign-promo -o CMakeFiles/cmTC_2f8e6.dir/src.c.o   -c /home/german/labo/16/ANA/chemfiles/build/CMakeFiles/CMakeTmp/src.c
cc1: warning: command line option '-Wsign-promo' is valid for C++/ObjC++ but not for C
<command-line>:0:12: warning: ISO C99 requires whitespace after the macro name
Linking C executable cmTC_2f8e6
/usr/bin/cmake -E cmake_link_script CMakeFiles/cmTC_2f8e6.dir/link.txt --verbose=1
/usr/bin/cc   -std=c99 -DCC_SUPPORTS-Wsign-promo    CMakeFiles/cmTC_2f8e6.dir/src.c.o  -o cmTC_2f8e6 -rdynamic 
make[1]: Leaving directory '/home/german/labo/16/ANA/chemfiles/build/CMakeFiles/CMakeTmp'

Source file was:
int main(void) { return 0; }
Performing C SOURCE FILE Test CC_SUPPORTS-Wsuggest-override failed with the following output:
Change Dir: /home/german/labo/16/ANA/chemfiles/build/CMakeFiles/CMakeTmp

Run Build Command:"/usr/bin/make" "cmTC_db8c6/fast"
/usr/bin/make -f CMakeFiles/cmTC_db8c6.dir/build.make CMakeFiles/cmTC_db8c6.dir/build
make[1]: Entering directory '/home/german/labo/16/ANA/chemfiles/build/CMakeFiles/CMakeTmp'
Building C object CMakeFiles/cmTC_db8c6.dir/src.c.o
/usr/bin/cc    -std=c99 -DCC_SUPPORTS-Wsuggest-override   -Wsuggest-override -o CMakeFiles/cmTC_db8c6.dir/src.c.o   -c /home/german/labo/16/ANA/chemfiles/build/CMakeFiles/CMakeTmp/src.c
cc1: warning: command line option '-Wsuggest-override' is valid for C++/ObjC++ but not for C
<command-line>:0:12: warning: ISO C99 requires whitespace after the macro name
Linking C executable cmTC_db8c6
/usr/bin/cmake -E cmake_link_script CMakeFiles/cmTC_db8c6.dir/link.txt --verbose=1
/usr/bin/cc   -std=c99 -DCC_SUPPORTS-Wsuggest-override    CMakeFiles/cmTC_db8c6.dir/src.c.o  -o cmTC_db8c6 -rdynamic 
make[1]: Leaving directory '/home/german/labo/16/ANA/chemfiles/build/CMakeFiles/CMakeTmp'

Source file was:
int main(void) { return 0; }
Performing C++ SOURCE FILE Test CXX_SUPPORTS-Wdocumentation failed with the following output:
Change Dir: /home/german/labo/16/ANA/chemfiles/build/CMakeFiles/CMakeTmp

Run Build Command:"/usr/bin/make" "cmTC_15a59/fast"
/usr/bin/make -f CMakeFiles/cmTC_15a59.dir/build.make CMakeFiles/cmTC_15a59.dir/build
make[1]: Entering directory '/home/german/labo/16/ANA/chemfiles/build/CMakeFiles/CMakeTmp'
Building CXX object CMakeFiles/cmTC_15a59.dir/src.cxx.o
/usr/bin/c++     -std=c++11 -DCXX_SUPPORTS-Wdocumentation   -Wdocumentation -o CMakeFiles/cmTC_15a59.dir/src.cxx.o -c /home/german/labo/16/ANA/chemfiles/build/CMakeFiles/CMakeTmp/src.cxx
c++: error: unrecognized command line option '-Wdocumentation'
CMakeFiles/cmTC_15a59.dir/build.make:65: recipe for target 'CMakeFiles/cmTC_15a59.dir/src.cxx.o' failed
make[1]: *** [CMakeFiles/cmTC_15a59.dir/src.cxx.o] Error 1
make[1]: Leaving directory '/home/german/labo/16/ANA/chemfiles/build/CMakeFiles/CMakeTmp'
Makefile:126: recipe for target 'cmTC_15a59/fast' failed
make: *** [cmTC_15a59/fast] Error 2

Source file was:
int main() { return 0; }
Performing C SOURCE FILE Test CC_SUPPORTS-Wdocumentation failed with the following output:
Change Dir: /home/german/labo/16/ANA/chemfiles/build/CMakeFiles/CMakeTmp

Run Build Command:"/usr/bin/make" "cmTC_fed37/fast"
/usr/bin/make -f CMakeFiles/cmTC_fed37.dir/build.make CMakeFiles/cmTC_fed37.dir/build
make[1]: Entering directory '/home/german/labo/16/ANA/chemfiles/build/CMakeFiles/CMakeTmp'
Building C object CMakeFiles/cmTC_fed37.dir/src.c.o
/usr/bin/cc    -std=c99 -DCC_SUPPORTS-Wdocumentation   -Wdocumentation -o CMakeFiles/cmTC_fed37.dir/src.c.o   -c /home/german/labo/16/ANA/chemfiles/build/CMakeFiles/CMakeTmp/src.c
cc: error: unrecognized command line option '-Wdocumentation'
CMakeFiles/cmTC_fed37.dir/build.make:65: recipe for target 'CMakeFiles/cmTC_fed37.dir/src.c.o' failed
make[1]: *** [CMakeFiles/cmTC_fed37.dir/src.c.o] Error 1
make[1]: Leaving directory '/home/german/labo/16/ANA/chemfiles/build/CMakeFiles/CMakeTmp'
Makefile:126: recipe for target 'cmTC_fed37/fast' failed
make: *** [cmTC_fed37/fast] Error 2

Source file was:
int main(void) { return 0; }
Performing C++ SOURCE FILE Test CXX_SUPPORTS-Wextra-semi failed with the following output:
Change Dir: /home/german/labo/16/ANA/chemfiles/build/CMakeFiles/CMakeTmp

Run Build Command:"/usr/bin/make" "cmTC_33b8c/fast"
/usr/bin/make -f CMakeFiles/cmTC_33b8c.dir/build.make CMakeFiles/cmTC_33b8c.dir/build
make[1]: Entering directory '/home/german/labo/16/ANA/chemfiles/build/CMakeFiles/CMakeTmp'
Building CXX object CMakeFiles/cmTC_33b8c.dir/src.cxx.o
/usr/bin/c++     -std=c++11 -DCXX_SUPPORTS-Wextra-semi   -Wextra-semi -o CMakeFiles/cmTC_33b8c.dir/src.cxx.o -c /home/german/labo/16/ANA/chemfiles/build/CMakeFiles/CMakeTmp/src.cxx
c++: error: unrecognized command line option '-Wextra-semi'
CMakeFiles/cmTC_33b8c.dir/build.make:65: recipe for target 'CMakeFiles/cmTC_33b8c.dir/src.cxx.o' failed
make[1]: *** [CMakeFiles/cmTC_33b8c.dir/src.cxx.o] Error 1
make[1]: Leaving directory '/home/german/labo/16/ANA/chemfiles/build/CMakeFiles/CMakeTmp'
Makefile:126: recipe for target 'cmTC_33b8c/fast' failed
make: *** [cmTC_33b8c/fast] Error 2

Source file was:
int main() { return 0; }
Performing C SOURCE FILE Test CC_SUPPORTS-Wextra-semi failed with the following output:
Change Dir: /home/german/labo/16/ANA/chemfiles/build/CMakeFiles/CMakeTmp

Run Build Command:"/usr/bin/make" "cmTC_8a432/fast"
/usr/bin/make -f CMakeFiles/cmTC_8a432.dir/build.make CMakeFiles/cmTC_8a432.dir/build
make[1]: Entering directory '/home/german/labo/16/ANA/chemfiles/build/CMakeFiles/CMakeTmp'
Building C object CMakeFiles/cmTC_8a432.dir/src.c.o
/usr/bin/cc    -std=c99 -DCC_SUPPORTS-Wextra-semi   -Wextra-semi -o CMakeFiles/cmTC_8a432.dir/src.c.o   -c /home/german/labo/16/ANA/chemfiles/build/CMakeFiles/CMakeTmp/src.c
cc: error: unrecognized command line option '-Wextra-semi'
CMakeFiles/cmTC_8a432.dir/build.make:65: recipe for target 'CMakeFiles/cmTC_8a432.dir/src.c.o' failed
make[1]: *** [CMakeFiles/cmTC_8a432.dir/src.c.o] Error 1
make[1]: Leaving directory '/home/german/labo/16/ANA/chemfiles/build/CMakeFiles/CMakeTmp'
Makefile:126: recipe for target 'cmTC_8a432/fast' failed
make: *** [cmTC_8a432/fast] Error 2

Source file was:
int main(void) { return 0; }
Performing C SOURCE FILE Test CC_SUPPORTS-Wnon-virtual-dtor failed with the following output:
Change Dir: /home/german/labo/16/ANA/chemfiles/build/CMakeFiles/CMakeTmp

Run Build Command:"/usr/bin/make" "cmTC_7e2d5/fast"
/usr/bin/make -f CMakeFiles/cmTC_7e2d5.dir/build.make CMakeFiles/cmTC_7e2d5.dir/build
make[1]: Entering directory '/home/german/labo/16/ANA/chemfiles/build/CMakeFiles/CMakeTmp'
Building C object CMakeFiles/cmTC_7e2d5.dir/src.c.o
/usr/bin/cc    -std=c99 -DCC_SUPPORTS-Wnon-virtual-dtor   -Wnon-virtual-dtor -o CMakeFiles/cmTC_7e2d5.dir/src.c.o   -c /home/german/labo/16/ANA/chemfiles/build/CMakeFiles/CMakeTmp/src.c
cc1: warning: command line option '-Wnon-virtual-dtor' is valid for C++/ObjC++ but not for C
<command-line>:0:12: warning: ISO C99 requires whitespace after the macro name
Linking C executable cmTC_7e2d5
/usr/bin/cmake -E cmake_link_script CMakeFiles/cmTC_7e2d5.dir/link.txt --verbose=1
/usr/bin/cc   -std=c99 -DCC_SUPPORTS-Wnon-virtual-dtor    CMakeFiles/cmTC_7e2d5.dir/src.c.o  -o cmTC_7e2d5 -rdynamic 
make[1]: Leaving directory '/home/german/labo/16/ANA/chemfiles/build/CMakeFiles/CMakeTmp'

Source file was:
int main(void) { return 0; }
Performing C SOURCE FILE Test CC_SUPPORTS-Wold-style-cast failed with the following output:
Change Dir: /home/german/labo/16/ANA/chemfiles/build/CMakeFiles/CMakeTmp

Run Build Command:"/usr/bin/make" "cmTC_b6ea7/fast"
/usr/bin/make -f CMakeFiles/cmTC_b6ea7.dir/build.make CMakeFiles/cmTC_b6ea7.dir/build
make[1]: Entering directory '/home/german/labo/16/ANA/chemfiles/build/CMakeFiles/CMakeTmp'
Building C object CMakeFiles/cmTC_b6ea7.dir/src.c.o
/usr/bin/cc    -std=c99 -DCC_SUPPORTS-Wold-style-cast   -Wold-style-cast -o CMakeFiles/cmTC_b6ea7.dir/src.c.o   -c /home/german/labo/16/ANA/chemfiles/build/CMakeFiles/CMakeTmp/src.c
cc1: warning: command line option '-Wold-style-cast' is valid for C++/ObjC++ but not for C
<command-line>:0:12: warning: ISO C99 requires whitespace after the macro name
Linking C executable cmTC_b6ea7
/usr/bin/cmake -E cmake_link_script CMakeFiles/cmTC_b6ea7.dir/link.txt --verbose=1
/usr/bin/cc   -std=c99 -DCC_SUPPORTS-Wold-style-cast    CMakeFiles/cmTC_b6ea7.dir/src.c.o  -o cmTC_b6ea7 -rdynamic 
make[1]: Leaving directory '/home/german/labo/16/ANA/chemfiles/build/CMakeFiles/CMakeTmp'

Source file was:
int main(void) { return 0; }
Performing C SOURCE FILE Test CC_SUPPORTS-Woverloaded-virtual failed with the following output:
Change Dir: /home/german/labo/16/ANA/chemfiles/build/CMakeFiles/CMakeTmp

Run Build Command:"/usr/bin/make" "cmTC_8edb0/fast"
/usr/bin/make -f CMakeFiles/cmTC_8edb0.dir/build.make CMakeFiles/cmTC_8edb0.dir/build
make[1]: Entering directory '/home/german/labo/16/ANA/chemfiles/build/CMakeFiles/CMakeTmp'
Building C object CMakeFiles/cmTC_8edb0.dir/src.c.o
/usr/bin/cc    -std=c99 -DCC_SUPPORTS-Woverloaded-virtual   -Woverloaded-virtual -o CMakeFiles/cmTC_8edb0.dir/src.c.o   -c /home/german/labo/16/ANA/chemfiles/build/CMakeFiles/CMakeTmp/src.c
cc1: warning: command line option '-Woverloaded-virtual' is valid for C++/ObjC++ but not for C
<command-line>:0:12: warning: ISO C99 requires whitespace after the macro name
Linking C executable cmTC_8edb0
/usr/bin/cmake -E cmake_link_script CMakeFiles/cmTC_8edb0.dir/link.txt --verbose=1
/usr/bin/cc   -std=c99 -DCC_SUPPORTS-Woverloaded-virtual    CMakeFiles/cmTC_8edb0.dir/src.c.o  -o cmTC_8edb0 -rdynamic 
make[1]: Leaving directory '/home/german/labo/16/ANA/chemfiles/build/CMakeFiles/CMakeTmp'

Source file was:
int main(void) { return 0; }
Performing C++ SOURCE FILE Test CXX_SUPPORTS-Wundefined-func-template failed with the following output:
Change Dir: /home/german/labo/16/ANA/chemfiles/build/CMakeFiles/CMakeTmp

Run Build Command:"/usr/bin/make" "cmTC_4d5fe/fast"
/usr/bin/make -f CMakeFiles/cmTC_4d5fe.dir/build.make CMakeFiles/cmTC_4d5fe.dir/build
make[1]: Entering directory '/home/german/labo/16/ANA/chemfiles/build/CMakeFiles/CMakeTmp'
Building CXX object CMakeFiles/cmTC_4d5fe.dir/src.cxx.o
/usr/bin/c++     -std=c++11 -DCXX_SUPPORTS-Wundefined-func-template   -Wundefined-func-template -o CMakeFiles/cmTC_4d5fe.dir/src.cxx.o -c /home/german/labo/16/ANA/chemfiles/build/CMakeFiles/CMakeTmp/src.cxx
c++: error: unrecognized command line option '-Wundefined-func-template'
CMakeFiles/cmTC_4d5fe.dir/build.make:65: recipe for target 'CMakeFiles/cmTC_4d5fe.dir/src.cxx.o' failed
make[1]: *** [CMakeFiles/cmTC_4d5fe.dir/src.cxx.o] Error 1
make[1]: Leaving directory '/home/german/labo/16/ANA/chemfiles/build/CMakeFiles/CMakeTmp'
Makefile:126: recipe for target 'cmTC_4d5fe/fast' failed
make: *** [cmTC_4d5fe/fast] Error 2

Source file was:
int main() { return 0; }
Performing C SOURCE FILE Test CC_SUPPORTS-Wundefined-func-template failed with the following output:
Change Dir: /home/german/labo/16/ANA/chemfiles/build/CMakeFiles/CMakeTmp

Run Build Command:"/usr/bin/make" "cmTC_75348/fast"
/usr/bin/make -f CMakeFiles/cmTC_75348.dir/build.make CMakeFiles/cmTC_75348.dir/build
make[1]: Entering directory '/home/german/labo/16/ANA/chemfiles/build/CMakeFiles/CMakeTmp'
Building C object CMakeFiles/cmTC_75348.dir/src.c.o
/usr/bin/cc    -std=c99 -DCC_SUPPORTS-Wundefined-func-template   -Wundefined-func-template -o CMakeFiles/cmTC_75348.dir/src.c.o   -c /home/german/labo/16/ANA/chemfiles/build/CMakeFiles/CMakeTmp/src.c
cc: error: unrecognized command line option '-Wundefined-func-template'
CMakeFiles/cmTC_75348.dir/build.make:65: recipe for target 'CMakeFiles/cmTC_75348.dir/src.c.o' failed
make[1]: *** [CMakeFiles/cmTC_75348.dir/src.c.o] Error 1
make[1]: Leaving directory '/home/german/labo/16/ANA/chemfiles/build/CMakeFiles/CMakeTmp'
Makefile:126: recipe for target 'cmTC_75348/fast' failed
make: *** [cmTC_75348/fast] Error 2

Source file was:
int main(void) { return 0; }
Performing C++ SOURCE FILE Test CXX_SUPPORTS-Wmissing-prototypes failed with the following output:
Change Dir: /home/german/labo/16/ANA/chemfiles/build/CMakeFiles/CMakeTmp

Run Build Command:"/usr/bin/make" "cmTC_8fb84/fast"
/usr/bin/make -f CMakeFiles/cmTC_8fb84.dir/build.make CMakeFiles/cmTC_8fb84.dir/build
make[1]: Entering directory '/home/german/labo/16/ANA/chemfiles/build/CMakeFiles/CMakeTmp'
Building CXX object CMakeFiles/cmTC_8fb84.dir/src.cxx.o
/usr/bin/c++     -std=c++11 -DCXX_SUPPORTS-Wmissing-prototypes   -Wmissing-prototypes -o CMakeFiles/cmTC_8fb84.dir/src.cxx.o -c /home/german/labo/16/ANA/chemfiles/build/CMakeFiles/CMakeTmp/src.cxx
cc1plus: warning: command line option '-Wmissing-prototypes' is valid for C/ObjC but not for C++
<command-line>:0:13: warning: ISO C++11 requires whitespace after the macro name
Linking CXX executable cmTC_8fb84
/usr/bin/cmake -E cmake_link_script CMakeFiles/cmTC_8fb84.dir/link.txt --verbose=1
/usr/bin/c++    -std=c++11 -DCXX_SUPPORTS-Wmissing-prototypes    CMakeFiles/cmTC_8fb84.dir/src.cxx.o  -o cmTC_8fb84 -rdynamic 
make[1]: Leaving directory '/home/german/labo/16/ANA/chemfiles/build/CMakeFiles/CMakeTmp'

Source file was:
int main() { return 0; }
Performing C++ SOURCE FILE Test CXX_SUPPORTS-Wmissing-variable-declarations failed with the following output:
Change Dir: /home/german/labo/16/ANA/chemfiles/build/CMakeFiles/CMakeTmp

Run Build Command:"/usr/bin/make" "cmTC_6aa3f/fast"
/usr/bin/make -f CMakeFiles/cmTC_6aa3f.dir/build.make CMakeFiles/cmTC_6aa3f.dir/build
make[1]: Entering directory '/home/german/labo/16/ANA/chemfiles/build/CMakeFiles/CMakeTmp'
Building CXX object CMakeFiles/cmTC_6aa3f.dir/src.cxx.o
/usr/bin/c++     -std=c++11 -DCXX_SUPPORTS-Wmissing-variable-declarations   -Wmissing-variable-declarations -o CMakeFiles/cmTC_6aa3f.dir/src.cxx.o -c /home/german/labo/16/ANA/chemfiles/build/CMakeFiles/CMakeTmp/src.cxx
c++: error: unrecognized command line option '-Wmissing-variable-declarations'
CMakeFiles/cmTC_6aa3f.dir/build.make:65: recipe for target 'CMakeFiles/cmTC_6aa3f.dir/src.cxx.o' failed
make[1]: *** [CMakeFiles/cmTC_6aa3f.dir/src.cxx.o] Error 1
make[1]: Leaving directory '/home/german/labo/16/ANA/chemfiles/build/CMakeFiles/CMakeTmp'
Makefile:126: recipe for target 'cmTC_6aa3f/fast' failed
make: *** [cmTC_6aa3f/fast] Error 2

Source file was:
int main() { return 0; }
Performing C SOURCE FILE Test CC_SUPPORTS-Wmissing-variable-declarations failed with the following output:
Change Dir: /home/german/labo/16/ANA/chemfiles/build/CMakeFiles/CMakeTmp

Run Build Command:"/usr/bin/make" "cmTC_9f9bb/fast"
/usr/bin/make -f CMakeFiles/cmTC_9f9bb.dir/build.make CMakeFiles/cmTC_9f9bb.dir/build
make[1]: Entering directory '/home/german/labo/16/ANA/chemfiles/build/CMakeFiles/CMakeTmp'
Building C object CMakeFiles/cmTC_9f9bb.dir/src.c.o
/usr/bin/cc    -std=c99 -DCC_SUPPORTS-Wmissing-variable-declarations   -Wmissing-variable-declarations -o CMakeFiles/cmTC_9f9bb.dir/src.c.o   -c /home/german/labo/16/ANA/chemfiles/build/CMakeFiles/CMakeTmp/src.c
cc: error: unrecognized command line option '-Wmissing-variable-declarations'
CMakeFiles/cmTC_9f9bb.dir/build.make:65: recipe for target 'CMakeFiles/cmTC_9f9bb.dir/src.c.o' failed
make[1]: *** [CMakeFiles/cmTC_9f9bb.dir/src.c.o] Error 1
make[1]: Leaving directory '/home/german/labo/16/ANA/chemfiles/build/CMakeFiles/CMakeTmp'
Makefile:126: recipe for target 'cmTC_9f9bb/fast' failed
make: *** [cmTC_9f9bb/fast] Error 2

Source file was:
int main(void) { return 0; }
Performing C++ SOURCE FILE Test CXX_SUPPORTS-Wno-weak-vtables failed with the following output:
Change Dir: /home/german/labo/16/ANA/chemfiles/build/CMakeFiles/CMakeTmp

Run Build Command:"/usr/bin/make" "cmTC_83651/fast"
/usr/bin/make -f CMakeFiles/cmTC_83651.dir/build.make CMakeFiles/cmTC_83651.dir/build
make[1]: Entering directory '/home/german/labo/16/ANA/chemfiles/build/CMakeFiles/CMakeTmp'
Building CXX object CMakeFiles/cmTC_83651.dir/src.cxx.o
/usr/bin/c++     -std=c++11 -DCXX_SUPPORTS-Wno-weak-vtables   -Wno-weak-vtables -o CMakeFiles/cmTC_83651.dir/src.cxx.o -c /home/german/labo/16/ANA/chemfiles/build/CMakeFiles/CMakeTmp/src.cxx
<command-line>:0:13: warning: ISO C++11 requires whitespace after the macro name
cc1plus: warning: unrecognized command line option '-Wno-weak-vtables'
Linking CXX executable cmTC_83651
/usr/bin/cmake -E cmake_link_script CMakeFiles/cmTC_83651.dir/link.txt --verbose=1
/usr/bin/c++    -std=c++11 -DCXX_SUPPORTS-Wno-weak-vtables    CMakeFiles/cmTC_83651.dir/src.cxx.o  -o cmTC_83651 -rdynamic 
make[1]: Leaving directory '/home/german/labo/16/ANA/chemfiles/build/CMakeFiles/CMakeTmp'

Source file was:
int main() { return 0; }
Performing C SOURCE FILE Test CC_SUPPORTS-Wno-weak-vtables failed with the following output:
Change Dir: /home/german/labo/16/ANA/chemfiles/build/CMakeFiles/CMakeTmp

Run Build Command:"/usr/bin/make" "cmTC_4d226/fast"
/usr/bin/make -f CMakeFiles/cmTC_4d226.dir/build.make CMakeFiles/cmTC_4d226.dir/build
make[1]: Entering directory '/home/german/labo/16/ANA/chemfiles/build/CMakeFiles/CMakeTmp'
Building C object CMakeFiles/cmTC_4d226.dir/src.c.o
/usr/bin/cc    -std=c99 -DCC_SUPPORTS-Wno-weak-vtables   -Wno-weak-vtables -o CMakeFiles/cmTC_4d226.dir/src.c.o   -c /home/german/labo/16/ANA/chemfiles/build/CMakeFiles/CMakeTmp/src.c
<command-line>:0:12: warning: ISO C99 requires whitespace after the macro name
cc1: warning: unrecognized command line option '-Wno-weak-vtables'
Linking C executable cmTC_4d226
/usr/bin/cmake -E cmake_link_script CMakeFiles/cmTC_4d226.dir/link.txt --verbose=1
/usr/bin/cc   -std=c99 -DCC_SUPPORTS-Wno-weak-vtables    CMakeFiles/cmTC_4d226.dir/src.c.o  -o cmTC_4d226 -rdynamic 
make[1]: Leaving directory '/home/german/labo/16/ANA/chemfiles/build/CMakeFiles/CMakeTmp'

Source file was:
int main(void) { return 0; }
Performing C++ SOURCE FILE Test CXX_SUPPORTS-Wno-weak-template-vtables failed with the following output:
Change Dir: /home/german/labo/16/ANA/chemfiles/build/CMakeFiles/CMakeTmp

Run Build Command:"/usr/bin/make" "cmTC_cb253/fast"
/usr/bin/make -f CMakeFiles/cmTC_cb253.dir/build.make CMakeFiles/cmTC_cb253.dir/build
make[1]: Entering directory '/home/german/labo/16/ANA/chemfiles/build/CMakeFiles/CMakeTmp'
Building CXX object CMakeFiles/cmTC_cb253.dir/src.cxx.o
/usr/bin/c++     -std=c++11 -DCXX_SUPPORTS-Wno-weak-template-vtables   -Wno-weak-template-vtables -o CMakeFiles/cmTC_cb253.dir/src.cxx.o -c /home/german/labo/16/ANA/chemfiles/build/CMakeFiles/CMakeTmp/src.cxx
<command-line>:0:13: warning: ISO C++11 requires whitespace after the macro name
cc1plus: warning: unrecognized command line option '-Wno-weak-template-vtables'
Linking CXX executable cmTC_cb253
/usr/bin/cmake -E cmake_link_script CMakeFiles/cmTC_cb253.dir/link.txt --verbose=1
/usr/bin/c++    -std=c++11 -DCXX_SUPPORTS-Wno-weak-template-vtables    CMakeFiles/cmTC_cb253.dir/src.cxx.o  -o cmTC_cb253 -rdynamic 
make[1]: Leaving directory '/home/german/labo/16/ANA/chemfiles/build/CMakeFiles/CMakeTmp'

Source file was:
int main() { return 0; }
Performing C SOURCE FILE Test CC_SUPPORTS-Wno-weak-template-vtables failed with the following output:
Change Dir: /home/german/labo/16/ANA/chemfiles/build/CMakeFiles/CMakeTmp

Run Build Command:"/usr/bin/make" "cmTC_9f1b3/fast"
/usr/bin/make -f CMakeFiles/cmTC_9f1b3.dir/build.make CMakeFiles/cmTC_9f1b3.dir/build
make[1]: Entering directory '/home/german/labo/16/ANA/chemfiles/build/CMakeFiles/CMakeTmp'
Building C object CMakeFiles/cmTC_9f1b3.dir/src.c.o
/usr/bin/cc    -std=c99 -DCC_SUPPORTS-Wno-weak-template-vtables   -Wno-weak-template-vtables -o CMakeFiles/cmTC_9f1b3.dir/src.c.o   -c /home/german/labo/16/ANA/chemfiles/build/CMakeFiles/CMakeTmp/src.c
<command-line>:0:12: warning: ISO C99 requires whitespace after the macro name
cc1: warning: unrecognized command line option '-Wno-weak-template-vtables'
Linking C executable cmTC_9f1b3
/usr/bin/cmake -E cmake_link_script CMakeFiles/cmTC_9f1b3.dir/link.txt --verbose=1
/usr/bin/cc   -std=c99 -DCC_SUPPORTS-Wno-weak-template-vtables    CMakeFiles/cmTC_9f1b3.dir/src.c.o  -o cmTC_9f1b3 -rdynamic 
make[1]: Leaving directory '/home/german/labo/16/ANA/chemfiles/build/CMakeFiles/CMakeTmp'

Source file was:
int main(void) { return 0; }
Performing C++ SOURCE FILE Test CXX_SUPPORTS-Wno-exit-time-destructors failed with the following output:
Change Dir: /home/german/labo/16/ANA/chemfiles/build/CMakeFiles/CMakeTmp

Run Build Command:"/usr/bin/make" "cmTC_d251f/fast"
/usr/bin/make -f CMakeFiles/cmTC_d251f.dir/build.make CMakeFiles/cmTC_d251f.dir/build
make[1]: Entering directory '/home/german/labo/16/ANA/chemfiles/build/CMakeFiles/CMakeTmp'
Building CXX object CMakeFiles/cmTC_d251f.dir/src.cxx.o
/usr/bin/c++     -std=c++11 -DCXX_SUPPORTS-Wno-exit-time-destructors   -Wno-exit-time-destructors -o CMakeFiles/cmTC_d251f.dir/src.cxx.o -c /home/german/labo/16/ANA/chemfiles/build/CMakeFiles/CMakeTmp/src.cxx
<command-line>:0:13: warning: ISO C++11 requires whitespace after the macro name
cc1plus: warning: unrecognized command line option '-Wno-exit-time-destructors'
Linking CXX executable cmTC_d251f
/usr/bin/cmake -E cmake_link_script CMakeFiles/cmTC_d251f.dir/link.txt --verbose=1
/usr/bin/c++    -std=c++11 -DCXX_SUPPORTS-Wno-exit-time-destructors    CMakeFiles/cmTC_d251f.dir/src.cxx.o  -o cmTC_d251f -rdynamic 
make[1]: Leaving directory '/home/german/labo/16/ANA/chemfiles/build/CMakeFiles/CMakeTmp'

Source file was:
int main() { return 0; }
Performing C SOURCE FILE Test CC_SUPPORTS-Wno-exit-time-destructors failed with the following output:
Change Dir: /home/german/labo/16/ANA/chemfiles/build/CMakeFiles/CMakeTmp

Run Build Command:"/usr/bin/make" "cmTC_34ee3/fast"
/usr/bin/make -f CMakeFiles/cmTC_34ee3.dir/build.make CMakeFiles/cmTC_34ee3.dir/build
make[1]: Entering directory '/home/german/labo/16/ANA/chemfiles/build/CMakeFiles/CMakeTmp'
Building C object CMakeFiles/cmTC_34ee3.dir/src.c.o
/usr/bin/cc    -std=c99 -DCC_SUPPORTS-Wno-exit-time-destructors   -Wno-exit-time-destructors -o CMakeFiles/cmTC_34ee3.dir/src.c.o   -c /home/german/labo/16/ANA/chemfiles/build/CMakeFiles/CMakeTmp/src.c
<command-line>:0:12: warning: ISO C99 requires whitespace after the macro name
cc1: warning: unrecognized command line option '-Wno-exit-time-destructors'
Linking C executable cmTC_34ee3
/usr/bin/cmake -E cmake_link_script CMakeFiles/cmTC_34ee3.dir/link.txt --verbose=1
/usr/bin/cc   -std=c99 -DCC_SUPPORTS-Wno-exit-time-destructors    CMakeFiles/cmTC_34ee3.dir/src.c.o  -o cmTC_34ee3 -rdynamic 
make[1]: Leaving directory '/home/german/labo/16/ANA/chemfiles/build/CMakeFiles/CMakeTmp'

Source file was:
int main(void) { return 0; }
Performing C++ SOURCE FILE Test CXX_SUPPORTS-Wno-global-constructors failed with the following output:
Change Dir: /home/german/labo/16/ANA/chemfiles/build/CMakeFiles/CMakeTmp

Run Build Command:"/usr/bin/make" "cmTC_074ab/fast"
/usr/bin/make -f CMakeFiles/cmTC_074ab.dir/build.make CMakeFiles/cmTC_074ab.dir/build
make[1]: Entering directory '/home/german/labo/16/ANA/chemfiles/build/CMakeFiles/CMakeTmp'
Building CXX object CMakeFiles/cmTC_074ab.dir/src.cxx.o
/usr/bin/c++     -std=c++11 -DCXX_SUPPORTS-Wno-global-constructors   -Wno-global-constructors -o CMakeFiles/cmTC_074ab.dir/src.cxx.o -c /home/german/labo/16/ANA/chemfiles/build/CMakeFiles/CMakeTmp/src.cxx
<command-line>:0:13: warning: ISO C++11 requires whitespace after the macro name
cc1plus: warning: unrecognized command line option '-Wno-global-constructors'
Linking CXX executable cmTC_074ab
/usr/bin/cmake -E cmake_link_script CMakeFiles/cmTC_074ab.dir/link.txt --verbose=1
/usr/bin/c++    -std=c++11 -DCXX_SUPPORTS-Wno-global-constructors    CMakeFiles/cmTC_074ab.dir/src.cxx.o  -o cmTC_074ab -rdynamic 
make[1]: Leaving directory '/home/german/labo/16/ANA/chemfiles/build/CMakeFiles/CMakeTmp'

Source file was:
int main() { return 0; }
Performing C SOURCE FILE Test CC_SUPPORTS-Wno-global-constructors failed with the following output:
Change Dir: /home/german/labo/16/ANA/chemfiles/build/CMakeFiles/CMakeTmp

Run Build Command:"/usr/bin/make" "cmTC_d0b8b/fast"
/usr/bin/make -f CMakeFiles/cmTC_d0b8b.dir/build.make CMakeFiles/cmTC_d0b8b.dir/build
make[1]: Entering directory '/home/german/labo/16/ANA/chemfiles/build/CMakeFiles/CMakeTmp'
Building C object CMakeFiles/cmTC_d0b8b.dir/src.c.o
/usr/bin/cc    -std=c99 -DCC_SUPPORTS-Wno-global-constructors   -Wno-global-constructors -o CMakeFiles/cmTC_d0b8b.dir/src.c.o   -c /home/german/labo/16/ANA/chemfiles/build/CMakeFiles/CMakeTmp/src.c
<command-line>:0:12: warning: ISO C99 requires whitespace after the macro name
cc1: warning: unrecognized command line option '-Wno-global-constructors'
Linking C executable cmTC_d0b8b
/usr/bin/cmake -E cmake_link_script CMakeFiles/cmTC_d0b8b.dir/link.txt --verbose=1
/usr/bin/cc   -std=c99 -DCC_SUPPORTS-Wno-global-constructors    CMakeFiles/cmTC_d0b8b.dir/src.c.o  -o cmTC_d0b8b -rdynamic 
make[1]: Leaving directory '/home/german/labo/16/ANA/chemfiles/build/CMakeFiles/CMakeTmp'

Source file was:
int main(void) { return 0; }
Performing C++ SOURCE FILE Test CXX_SUPPORTS-Wno-covered-switch-default failed with the following output:
Change Dir: /home/german/labo/16/ANA/chemfiles/build/CMakeFiles/CMakeTmp

Run Build Command:"/usr/bin/make" "cmTC_57a04/fast"
/usr/bin/make -f CMakeFiles/cmTC_57a04.dir/build.make CMakeFiles/cmTC_57a04.dir/build
make[1]: Entering directory '/home/german/labo/16/ANA/chemfiles/build/CMakeFiles/CMakeTmp'
Building CXX object CMakeFiles/cmTC_57a04.dir/src.cxx.o
/usr/bin/c++     -std=c++11 -DCXX_SUPPORTS-Wno-covered-switch-default   -Wno-covered-switch-default -o CMakeFiles/cmTC_57a04.dir/src.cxx.o -c /home/german/labo/16/ANA/chemfiles/build/CMakeFiles/CMakeTmp/src.cxx
<command-line>:0:13: warning: ISO C++11 requires whitespace after the macro name
cc1plus: warning: unrecognized command line option '-Wno-covered-switch-default'
Linking CXX executable cmTC_57a04
/usr/bin/cmake -E cmake_link_script CMakeFiles/cmTC_57a04.dir/link.txt --verbose=1
/usr/bin/c++    -std=c++11 -DCXX_SUPPORTS-Wno-covered-switch-default    CMakeFiles/cmTC_57a04.dir/src.cxx.o  -o cmTC_57a04 -rdynamic 
make[1]: Leaving directory '/home/german/labo/16/ANA/chemfiles/build/CMakeFiles/CMakeTmp'

Source file was:
int main() { return 0; }
Performing C SOURCE FILE Test CC_SUPPORTS-Wno-covered-switch-default failed with the following output:
Change Dir: /home/german/labo/16/ANA/chemfiles/build/CMakeFiles/CMakeTmp

Run Build Command:"/usr/bin/make" "cmTC_9ab34/fast"
/usr/bin/make -f CMakeFiles/cmTC_9ab34.dir/build.make CMakeFiles/cmTC_9ab34.dir/build
make[1]: Entering directory '/home/german/labo/16/ANA/chemfiles/build/CMakeFiles/CMakeTmp'
Building C object CMakeFiles/cmTC_9ab34.dir/src.c.o
/usr/bin/cc    -std=c99 -DCC_SUPPORTS-Wno-covered-switch-default   -Wno-covered-switch-default -o CMakeFiles/cmTC_9ab34.dir/src.c.o   -c /home/german/labo/16/ANA/chemfiles/build/CMakeFiles/CMakeTmp/src.c
<command-line>:0:12: warning: ISO C99 requires whitespace after the macro name
cc1: warning: unrecognized command line option '-Wno-covered-switch-default'
Linking C executable cmTC_9ab34
/usr/bin/cmake -E cmake_link_script CMakeFiles/cmTC_9ab34.dir/link.txt --verbose=1
/usr/bin/cc   -std=c99 -DCC_SUPPORTS-Wno-covered-switch-default    CMakeFiles/cmTC_9ab34.dir/src.c.o  -o cmTC_9ab34 -rdynamic 
make[1]: Leaving directory '/home/german/labo/16/ANA/chemfiles/build/CMakeFiles/CMakeTmp'

Source file was:
int main(void) { return 0; }
Performing C++ SOURCE FILE Test CXX_SUPPORTS-Wno-unreachable-code-break failed with the following output:
Change Dir: /home/german/labo/16/ANA/chemfiles/build/CMakeFiles/CMakeTmp

Run Build Command:"/usr/bin/make" "cmTC_451bb/fast"
/usr/bin/make -f CMakeFiles/cmTC_451bb.dir/build.make CMakeFiles/cmTC_451bb.dir/build
make[1]: Entering directory '/home/german/labo/16/ANA/chemfiles/build/CMakeFiles/CMakeTmp'
Building CXX object CMakeFiles/cmTC_451bb.dir/src.cxx.o
/usr/bin/c++     -std=c++11 -DCXX_SUPPORTS-Wno-unreachable-code-break   -Wno-unreachable-code-break -o CMakeFiles/cmTC_451bb.dir/src.cxx.o -c /home/german/labo/16/ANA/chemfiles/build/CMakeFiles/CMakeTmp/src.cxx
<command-line>:0:13: warning: ISO C++11 requires whitespace after the macro name
cc1plus: warning: unrecognized command line option '-Wno-unreachable-code-break'
Linking CXX executable cmTC_451bb
/usr/bin/cmake -E cmake_link_script CMakeFiles/cmTC_451bb.dir/link.txt --verbose=1
/usr/bin/c++    -std=c++11 -DCXX_SUPPORTS-Wno-unreachable-code-break    CMakeFiles/cmTC_451bb.dir/src.cxx.o  -o cmTC_451bb -rdynamic 
make[1]: Leaving directory '/home/german/labo/16/ANA/chemfiles/build/CMakeFiles/CMakeTmp'

Source file was:
int main() { return 0; }
Performing C SOURCE FILE Test CC_SUPPORTS-Wno-unreachable-code-break failed with the following output:
Change Dir: /home/german/labo/16/ANA/chemfiles/build/CMakeFiles/CMakeTmp

Run Build Command:"/usr/bin/make" "cmTC_07294/fast"
/usr/bin/make -f CMakeFiles/cmTC_07294.dir/build.make CMakeFiles/cmTC_07294.dir/build
make[1]: Entering directory '/home/german/labo/16/ANA/chemfiles/build/CMakeFiles/CMakeTmp'
Building C object CMakeFiles/cmTC_07294.dir/src.c.o
/usr/bin/cc    -std=c99 -DCC_SUPPORTS-Wno-unreachable-code-break   -Wno-unreachable-code-break -o CMakeFiles/cmTC_07294.dir/src.c.o   -c /home/german/labo/16/ANA/chemfiles/build/CMakeFiles/CMakeTmp/src.c
<command-line>:0:12: warning: ISO C99 requires whitespace after the macro name
cc1: warning: unrecognized command line option '-Wno-unreachable-code-break'
Linking C executable cmTC_07294
/usr/bin/cmake -E cmake_link_script CMakeFiles/cmTC_07294.dir/link.txt --verbose=1
/usr/bin/cc   -std=c99 -DCC_SUPPORTS-Wno-unreachable-code-break    CMakeFiles/cmTC_07294.dir/src.c.o  -o cmTC_07294 -rdynamic 
make[1]: Leaving directory '/home/german/labo/16/ANA/chemfiles/build/CMakeFiles/CMakeTmp'

Source file was:
int main(void) { return 0; }
Performing C++ SOURCE FILE Test CXX_SUPPORTS-Minform=warn failed with the following output:
Change Dir: /home/german/labo/16/ANA/chemfiles/build/CMakeFiles/CMakeTmp

Run Build Command:"/usr/bin/make" "cmTC_f1be3/fast"
/usr/bin/make -f CMakeFiles/cmTC_f1be3.dir/build.make CMakeFiles/cmTC_f1be3.dir/build
make[1]: Entering directory '/home/german/labo/16/ANA/chemfiles/build/CMakeFiles/CMakeTmp'
Building CXX object CMakeFiles/cmTC_f1be3.dir/src.cxx.o
/usr/bin/c++     -std=c++11 -DCXX_SUPPORTS-Minform=warn   -Minform=warn -o CMakeFiles/cmTC_f1be3.dir/src.cxx.o -c /home/german/labo/16/ANA/chemfiles/build/CMakeFiles/CMakeTmp/src.cxx
c++: error: unrecognized command line option '-Minform=warn'
CMakeFiles/cmTC_f1be3.dir/build.make:65: recipe for target 'CMakeFiles/cmTC_f1be3.dir/src.cxx.o' failed
make[1]: *** [CMakeFiles/cmTC_f1be3.dir/src.cxx.o] Error 1
make[1]: Leaving directory '/home/german/labo/16/ANA/chemfiles/build/CMakeFiles/CMakeTmp'
Makefile:126: recipe for target 'cmTC_f1be3/fast' failed
make: *** [cmTC_f1be3/fast] Error 2

Source file was:
int main() { return 0; }
Performing C SOURCE FILE Test CC_SUPPORTS-Minform=warn failed with the following output:
Change Dir: /home/german/labo/16/ANA/chemfiles/build/CMakeFiles/CMakeTmp

Run Build Command:"/usr/bin/make" "cmTC_c7f08/fast"
/usr/bin/make -f CMakeFiles/cmTC_c7f08.dir/build.make CMakeFiles/cmTC_c7f08.dir/build
make[1]: Entering directory '/home/german/labo/16/ANA/chemfiles/build/CMakeFiles/CMakeTmp'
Building C object CMakeFiles/cmTC_c7f08.dir/src.c.o
/usr/bin/cc    -std=c99 -DCC_SUPPORTS-Minform=warn   -Minform=warn -o CMakeFiles/cmTC_c7f08.dir/src.c.o   -c /home/german/labo/16/ANA/chemfiles/build/CMakeFiles/CMakeTmp/src.c
cc: error: unrecognized command line option '-Minform=warn'
CMakeFiles/cmTC_c7f08.dir/build.make:65: recipe for target 'CMakeFiles/cmTC_c7f08.dir/src.c.o' failed
make[1]: *** [CMakeFiles/cmTC_c7f08.dir/src.c.o] Error 1
make[1]: Leaving directory '/home/german/labo/16/ANA/chemfiles/build/CMakeFiles/CMakeTmp'
Makefile:126: recipe for target 'cmTC_c7f08/fast' failed
make: *** [cmTC_c7f08/fast] Error 2

Source file was:
int main(void) { return 0; }
Determining if the system is big endian passed with the following output:
Change Dir: /home/german/labo/16/ANA/chemfiles/build/CMakeFiles/CMakeTmp

Run Build Command:"/usr/bin/make" "cmTC_6cff6/fast"
/usr/bin/make -f CMakeFiles/cmTC_6cff6.dir/build.make CMakeFiles/cmTC_6cff6.dir/build
make[1]: Entering directory '/home/german/labo/16/ANA/chemfiles/build/CMakeFiles/CMakeTmp'
Building C object CMakeFiles/cmTC_6cff6.dir/TestEndianess.c.o
/usr/bin/cc    -w    -o CMakeFiles/cmTC_6cff6.dir/TestEndianess.c.o   -c /home/german/labo/16/ANA/chemfiles/build/CMakeFiles/CMakeTmp/TestEndianess.c
Linking C executable cmTC_6cff6
/usr/bin/cmake -E cmake_link_script CMakeFiles/cmTC_6cff6.dir/link.txt --verbose=1
/usr/bin/cc      -w     CMakeFiles/cmTC_6cff6.dir/TestEndianess.c.o  -o cmTC_6cff6 -rdynamic 
make[1]: Leaving directory '/home/german/labo/16/ANA/chemfiles/build/CMakeFiles/CMakeTmp'

TestEndianess.c:
/* A 16 bit integer is required. */
typedef unsigned short cmakeint16;

/* On a little endian machine, these 16bit ints will give "THIS IS LITTLE ENDIAN."
   On a big endian machine the characters will be exchanged pairwise. */
const cmakeint16 info_little[] =  {0x4854, 0x5349, 0x4920, 0x2053, 0x494c, 0x5454, 0x454c, 0x4520, 0x444e, 0x4149, 0x2e4e, 0x0000};

/* on a big endian machine, these 16bit ints will give "THIS IS BIG ENDIAN."
   On a little endian machine the characters will be exchanged pairwise. */
const cmakeint16 info_big[] =     {0x5448, 0x4953, 0x2049, 0x5320, 0x4249, 0x4720, 0x454e, 0x4449, 0x414e, 0x2e2e, 0x0000};

#ifdef __CLASSIC_C__
int main(argc, argv) int argc; char *argv[];
#else
int main(int argc, char *argv[])
#endif
{
  int require = 0;
  require += info_little[argc];
  require += info_big[argc];
  (void)argv;
  return require;
}


